<?xml version="1.0" encoding="UTF-8"?>
<!-- Generated by org.testng.reporters.JUnitReportReporter -->
<testsuite skipped="0" hostname="VROC_Lap" name="com.saucedemo.qa.TC006_AddSpecificProduct" tests="1" failures="0" timestamp="2021-06-07T19:39:05 CDT" time="29.476" errors="0">
  <testcase name="f" time="29.476" classname="com.saucedemo.qa.TC006_AddSpecificProduct"/>
  <system-out>
Launching....https://www.saucedemo.com/ Login to Saucedemo !! Typing text: standard_user Typing text: secret_sauce Success Login !! Adding an specific product by name... LogOut of app  </system-out>
</testsuite> <!-- com.saucedemo.qa.TC006_AddSpecificProduct -->
