<?xml version="1.0" encoding="UTF-8"?>
<!-- Generated by org.testng.reporters.JUnitReportReporter -->
<testsuite skipped="0" hostname="VROC_Lap" name="com.saucedemo.qa.TC002_LoginInvalidUser" tests="1" failures="0" timestamp="2021-06-07T12:57:51 CDT" time="3.601" errors="0">
  <testcase name="f" time="3.601" classname="com.saucedemo.qa.TC002_LoginInvalidUser"/>
  <system-out>
Launching....https://www.saucedemo.com/ Login to Saucedemo !! Typing text: locked_out_user Typing text: secret_sauce Invalid User !!  </system-out>
</testsuite> <!-- com.saucedemo.qa.TC002_LoginInvalidUser -->
