<?xml version="1.0" encoding="UTF-8"?>
<!-- Generated by org.testng.reporters.JUnitReportReporter -->
<testsuite skipped="0" hostname="VROC_Lap" name="com.saucedemo.qa.TC005_AddMultipleItemsToCart" tests="1" failures="0" timestamp="2021-06-07T17:57:50 CDT" time="7.746" errors="0">
  <testcase name="f" time="7.746" classname="com.saucedemo.qa.TC005_AddMultipleItemsToCart"/>
  <system-out>
Launching....https://www.saucedemo.com/ Login to Saucedemo !! Typing text: standard_user Typing text: secret_sauce Success Login !! Adding product to the cart Adding product to the cart Adding product to the cart The num of items are correct  The products in the cart are correct !! LogOut of app  </system-out>
</testsuite> <!-- com.saucedemo.qa.TC005_AddMultipleItemsToCart -->
