<?xml version="1.0" encoding="UTF-8"?>
<!-- Generated by org.testng.reporters.JUnitReportReporter -->
<testsuite skipped="0" hostname="VROC_Lap" name="com.saucedemo.qa.TC0003_LogOutHomePage" tests="1" failures="0" timestamp="2021-06-07T12:56:46 CDT" time="5.643" errors="0">
  <testcase name="f" time="5.643" classname="com.saucedemo.qa.TC0003_LogOutHomePage"/>
  <system-out>
Launching....https://www.saucedemo.com/ Login to Saucedemo !! Typing text: standard_user Typing text: secret_sauce Success Login !! LogOut of app Login page is displayed !!  </system-out>
</testsuite> <!-- com.saucedemo.qa.TC0003_LogOutHomePage -->
