<?xml version="1.0" encoding="UTF-8"?>
<!-- Generated by org.testng.reporters.JUnitReportReporter -->
<testsuite skipped="0" hostname="VROC_Lap" name="com.saucedemo.qa.TC004_SortProductsByPrice" tests="1" failures="0" timestamp="2021-06-07T16:02:29 CDT" time="3.984" errors="0">
  <testcase name="f" time="3.984" classname="com.saucedemo.qa.TC004_SortProductsByPrice"/>
  <system-out>
Launching....https://www.saucedemo.com/ Login to Saucedemo !! Typing text: standard_user Typing text: secret_sauce Success Login !! Sorting products by: lohi Getting the Prices of the products 6is the # of elements Sorting by price is working !! LogOut of app  </system-out>
</testsuite> <!-- com.saucedemo.qa.TC004_SortProductsByPrice -->
