<?xml version="1.0" encoding="UTF-8"?>
<!-- Generated by org.testng.reporters.JUnitReportReporter -->
<testsuite skipped="0" hostname="VROC_Lap" name="com.saucedemo.qa.TC007_CompletePurchase" tests="1" failures="0" timestamp="2021-06-07T20:18:47 CDT" time="6.970" errors="0">
  <testcase name="f" time="6.970" classname="com.saucedemo.qa.TC007_CompletePurchase"/>
  <system-out>
Launching....https://www.saucedemo.com/ Login to Saucedemo !! Typing text: standard_user Typing text: secret_sauce Success Login !! Adding product to the cart Adding product to the cart The num of items are correct  The products in the cart are correct !! Go to checkout screen.... Populating information... Typing text: Viktor Typing text: Orozco Typing text: 45000 LogOut of app  </system-out>
</testsuite> <!-- com.saucedemo.qa.TC007_CompletePurchase -->
