<?xml version="1.0" encoding="UTF-8"?>
<!-- Generated by org.testng.reporters.JUnitReportReporter -->
<testsuite skipped="0" hostname="VROC_Lap" name="com.saucedemo.qa.TC001_LoginValidUser" tests="1" failures="0" timestamp="2021-06-07T20:53:04 CDT" time="3.190" errors="0">
  <testcase name="f" time="3.190" classname="com.saucedemo.qa.TC001_LoginValidUser"/>
  <system-out>
Launching....https://www.saucedemo.com/ Login to Saucedemo !! Typing text: standard_user Typing text: secret_sauce Success Login !! LogOut of app  </system-out>
</testsuite> <!-- com.saucedemo.qa.TC001_LoginValidUser -->
